
> @example/basics@0.0.1 build
> astro build

[2m02:21:28[22m [34m[content][39m Syncing content
[2m02:21:28[22m [34m[content][39m Synced content
[2m02:21:28[22m [34m[types][39m Generated [2m754ms[22m
[2m02:21:28[22m [34m[build][39m output: [34m"static"[39m
[2m02:21:28[22m [34m[build][39m mode: [34m"static"[39m
[2m02:21:28[22m [34m[build][39m directory: [34mC:\Users\sasis\344dev\kaijyo-fishing\dist\[39m
[2m02:21:28[22m [34m[build][39m Collecting build info...
[2m02:21:28[22m [34m[build][39m [32m✓ Completed in 786ms.[39m
[2m02:21:28[22m [34m[build][39m Building static entrypoints...
[33m[1m02:21:30[22m [WARN] [vite][39m [33m"matchHostname", "matchPathname", "matchPort" and "matchProtocol" are imported from external module "@astrojs/internal-helpers/remote" but never used in "node_modules/astro/dist/assets/utils/remotePattern.js".[39m
[33m[1m02:21:30[22m [WARN] [vite][39m [33m[plugin vite:reporter] 
(!) C:/Users/sasis/344dev/kaijyo-fishing/src/components/shared/ThemeSelector.tsx is dynamically imported by C:/Users/sasis/344dev/kaijyo-fishing/src/components/shared/ThemeEditableWrapper.tsx but also statically imported by C:/Users/sasis/344dev/kaijyo-fishing/src/shared/astro/page.astro, dynamic import will not move module into another chunk.
[39m
[2m02:21:30[22m [34m[vite][39m [32m✓ built in 2.26s[39m
[2m02:21:30[22m [34m[build][39m [32m✓ Completed in 2.31s.[39m

[42m[30m building client (vite) [39m[49m
[2m02:21:30[22m [34m[vite][39m transforming...
[2m02:21:32[22m [34m[vite][39m [32m✓[39m 237 modules transformed.
[2m02:21:32[22m [34m[vite][39m rendering chunks...
[2m02:21:32[22m [34m[vite][39m computing gzip size...
[2m02:21:32[22m [34m[vite][39m [2mdist/[22m[36m_astro/preload-helper.BC7ZYKCr.js                               [39m[1m[2m    2.54 kB[22m[1m[22m[2m │ gzip:   1.11 kB[22m[2m │ map:     0.18 kB[22m
[2m02:21:32[22m [34m[vite][39m [2mdist/[22m[36m_astro/ThemeSelector.BroC-4iA.js                                [39m[1m[2m    4.44 kB[22m[1m[22m[2m │ gzip:   2.31 kB[22m[2m │ map:     2.13 kB[22m
[2m02:21:32[22m [34m[vite][39m [2mdist/[22m[36m_astro/jsx-runtime.DfqoFFQ2.js                                  [39m[1m[2m    5.30 kB[22m[1m[22m[2m │ gzip:   2.36 kB[22m[2m │ map:     2.68 kB[22m
[2m02:21:32[22m [34m[vite][39m [2mdist/[22m[36m_astro/ThemeEditableWrapper.to-2Zg6z.js                         [39m[1m[2m    5.56 kB[22m[1m[22m[2m │ gzip:   2.85 kB[22m[2m │ map:     2.66 kB[22m
[2m02:21:32[22m [34m[vite][39m [2mdist/[22m[36m_astro/AnimatedNumber.Dx_adKnn.js                               [39m[1m[2m    7.63 kB[22m[1m[22m[2m │ gzip:   3.31 kB[22m[2m │ map:     4.25 kB[22m
[2m02:21:32[22m [34m[vite][39m [2mdist/[22m[36m_astro/Layout.astro_astro_type_script_index_0_lang.D_KwiKfc.js  [39m[1m[2m   10.22 kB[22m[1m[22m[2m │ gzip:   4.60 kB[22m[2m │ map:     7.15 kB[22m
[2m02:21:32[22m [34m[vite][39m [2mdist/[22m[36m_astro/client.bPYa3_nw.js                                       [39m[1m[2m   14.53 kB[22m[1m[22m[2m │ gzip:   5.20 kB[22m[2m │ map:     8.07 kB[22m
[2m02:21:32[22m [34m[vite][39m [2mdist/[22m[36m_astro/page.nQq1yibL.js                                         [39m[1m[2m   21.66 kB[22m[1m[22m[2m │ gzip:   7.20 kB[22m[2m │ map:    12.45 kB[22m
[2m02:21:32[22m [34m[vite][39m [2mdist/[22m[36m_astro/index.BsgqzGof.js                                        [39m[1m[2m   35.73 kB[22m[1m[22m[2m │ gzip:  10.26 kB[22m[2m │ map:    20.04 kB[22m
[2m02:21:32[22m [34m[vite][39m [2mdist/[22m[36m_astro/signup.astro_astro_type_script_index_0_lang.DyA1JNa6.js  [39m[1m[2m   37.44 kB[22m[1m[22m[2m │ gzip:  11.84 kB[22m[2m │ map:    27.27 kB[22m
[2m02:21:32[22m [34m[vite][39m [2mdist/[22m[36m_astro/Modal.astro_astro_type_script_index_0_lang.DAzDTEqk.js   [39m[1m[2m   51.67 kB[22m[1m[22m[2m │ gzip:  12.69 kB[22m[2m │ map:    36.83 kB[22m
[2m02:21:32[22m [34m[vite][39m [2mdist/[22m[36m_astro/navigation.D4bmuR-P.js                                   [39m[1m[2m   76.69 kB[22m[1m[22m[2m │ gzip:  17.78 kB[22m[2m │ map:    38.12 kB[22m
[2m02:21:32[22m [34m[vite][39m [2mdist/[22m[36m_astro/client.CVQJTWl6.js                                       [39m[1m[33m  707.47 kB[39m[22m[2m │ gzip: 144.42 kB[22m[2m │ map:   425.70 kB[22m
[2m02:21:32[22m [34m[vite][39m [2mdist/[22m[36m_astro/register-components.EZ-0-MXt.js                          [39m[1m[33m2,474.85 kB[39m[22m[2m │ gzip: 548.32 kB[22m[2m │ map: 1,342.00 kB[22m
[2m02:21:32[22m [34m[vite][39m [32m✓ built in 1.82s[39m

[42m[30m generating static routes [39m[49m
[2m02:21:32[22m [32m▶[39m src/pages/404.astro
[2m02:21:32[22m   [34m└─[39m [2m/404.html[22m [2m(+25ms)[22m 
[2m02:21:32[22m [32m▶[39m src/pages/blog/[slug].astro
The collection "blog" does not exist or is empty. Please check your content config file for errors.
[2m02:21:32[22m [32m▶[39m src/pages/blog/[...page].astro
The collection "blog" does not exist or is empty. Please check your content config file for errors.
[2m02:21:32[22m   [34m└─[39m [2m/blog/index.html[22m [2m(+15ms)[22m 
The collection "blog" does not exist or is empty. Please check your content config file for errors.
[2m02:21:32[22m [35mλ[39m src/pages/feed.xml.js
[2m02:21:32[22m   [34m└─[39m [2m/feed.xml[22m [2m(+3ms)[22m 
[2m02:21:32[22m [32m▶[39m src/pages/fishing-facility/[...slug].astro
The collection "blog" does not exist or is empty. Please check your content config file for errors.
WARNING(astro-seo): You passed the same value to `title` and `openGraph.optional.title`. This is most likely not what you want. See docs for more.
[2m02:21:32[22m   [34m├─[39m [2m/fishing-facility/center-japan/index.html[22m [2m(+6ms)[22m 
The collection "blog" does not exist or is empty. Please check your content config file for errors.
[2m02:21:32[22m   [34m├─[39m [2m/fishing-facility/west-japan/test-article-1/index.html[22m [2m(+9ms)[22m 
The collection "blog" does not exist or is empty. Please check your content config file for errors.
[2m02:21:32[22m   [34m├─[39m [2m/fishing-facility/shinojima-tsuri-tengoku/index.html[22m [2m(+6ms)[22m 
The collection "blog" does not exist or is empty. Please check your content config file for errors.
WARNING(astro-seo): You passed the same value to `title` and `openGraph.optional.title`. This is most likely not what you want. See docs for more.
[2m02:21:32[22m   [34m├─[39m [2m/fishing-facility/east-japan/index.html[22m [2m(+6ms)[22m 
The collection "blog" does not exist or is empty. Please check your content config file for errors.
[2m02:21:32[22m   [34m├─[39m [2m/fishing-facility/west-japan/test-article-2/index.html[22m [2m(+6ms)[22m 
The collection "blog" does not exist or is empty. Please check your content config file for errors.
[2m02:21:32[22m   [34m├─[39m [2m/fishing-facility/akaguri-sea-fishing-park/index.html[22m [2m(+6ms)[22m 
The collection "blog" does not exist or is empty. Please check your content config file for errors.
[2m02:21:33[22m   [34m├─[39m [2m/fishing-facility/blue-park-ano/index.html[22m [2m(+7ms)[22m 
The collection "blog" does not exist or is empty. Please check your content config file for errors.
[2m02:21:33[22m   [34m├─[39m [2m/fishing-facility/bakucho-mihama-fishing-park/index.html[22m [2m(+6ms)[22m 
The collection "blog" does not exist or is empty. Please check your content config file for errors.
[2m02:21:33[22m   [34m├─[39m [2m/fishing-facility/fishing-land-hyuga/index.html[22m [2m(+8ms)[22m 
The collection "blog" does not exist or is empty. Please check your content config file for errors.
[2m02:21:33[22m   [34m├─[39m [2m/fishing-facility/shinmaiko-marine-park-fishing/index.html[22m [2m(+6ms)[22m 
The collection "blog" does not exist or is empty. Please check your content config file for errors.
[2m02:21:33[22m   [34m├─[39m [2m/fishing-facility/fishing-rainbow/index.html[22m [2m(+4ms)[22m 
The collection "blog" does not exist or is empty. Please check your content config file for errors.
[2m02:21:33[22m   [34m├─[39m [2m/fishing-facility/hiruga-sea-fishing-pond/index.html[22m [2m(+4ms)[22m 
The collection "blog" does not exist or is empty. Please check your content config file for errors.
[2m02:21:33[22m   [34m├─[39m [2m/fishing-facility/sea-fishing-park-mikata/index.html[22m [2m(+5ms)[22m 
The collection "blog" does not exist or is empty. Please check your content config file for errors.
[2m02:21:33[22m   [34m├─[39m [2m/fishing-facility/obama-city-fishing-coop-raft/index.html[22m [2m(+5ms)[22m 
The collection "blog" does not exist or is empty. Please check your content config file for errors.
[2m02:21:33[22m   [34m├─[39m [2m/fishing-facility/marine-garden-leisure/index.html[22m [2m(+4ms)[22m 
The collection "blog" does not exist or is empty. Please check your content config file for errors.
[2m02:21:33[22m   [34m├─[39m [2m/fishing-facility/seapark-nyu/index.html[22m [2m(+5ms)[22m 
The collection "blog" does not exist or is empty. Please check your content config file for errors.
[2m02:21:33[22m   [34m├─[39m [2m/fishing-facility/wakasa-takahama-sea-fishing-park/index.html[22m [2m(+8ms)[22m 
The collection "blog" does not exist or is empty. Please check your content config file for errors.
[2m02:21:33[22m   [34m├─[39m [2m/fishing-facility/tsuruga-city-sea-fishing-park/index.html[22m [2m(+7ms)[22m 
The collection "blog" does not exist or is empty. Please check your content config file for errors.
[2m02:21:33[22m   [34m├─[39m [2m/fishing-facility/fishing-bridge-akasaki/index.html[22m [2m(+4ms)[22m 
The collection "blog" does not exist or is empty. Please check your content config file for errors.
[2m02:21:33[22m   [34m├─[39m [2m/fishing-facility/notojima-sea-fishing-center/index.html[22m [2m(+5ms)[22m 
The collection "blog" does not exist or is empty. Please check your content config file for errors.
[2m02:21:33[22m   [34m├─[39m [2m/fishing-facility/niigata-east-port-2nd-east-breakwater/index.html[22m [2m(+4ms)[22m 
The collection "blog" does not exist or is empty. Please check your content config file for errors.
[2m02:21:33[22m   [34m├─[39m [2m/fishing-facility/fishing-park-toi/index.html[22m [2m(+4ms)[22m 
The collection "blog" does not exist or is empty. Please check your content config file for errors.
[2m02:21:33[22m   [34m├─[39m [2m/fishing-facility/naoetsu-port-3rd-east-breakwater/index.html[22m [2m(+4ms)[22m 
The collection "blog" does not exist or is empty. Please check your content config file for errors.
[2m02:21:33[22m   [34m├─[39m [2m/fishing-facility/araibenten-sea-fishing-park/index.html[22m [2m(+4ms)[22m 
The collection "blog" does not exist or is empty. Please check your content config file for errors.
[2m02:21:33[22m   [34m├─[39m [2m/fishing-facility/atami-port-sea-fishing-facility/index.html[22m [2m(+4ms)[22m 
The collection "blog" does not exist or is empty. Please check your content config file for errors.
[2m02:21:33[22m   [34m├─[39m [2m/fishing-facility/ikadatsuri-tokai/index.html[22m [2m(+4ms)[22m 
The collection "blog" does not exist or is empty. Please check your content config file for errors.
WARNING(astro-seo): You passed the same value to `title` and `openGraph.optional.title`. This is most likely not what you want. See docs for more.
[2m02:21:33[22m   [34m├─[39m [2m/fishing-facility/center-japan/shizuoka/kaijo-tsuribori-taikoubou/index.html[22m [2m(+5ms)[22m 
The collection "blog" does not exist or is empty. Please check your content config file for errors.
[2m02:21:33[22m   [34m├─[39m [2m/fishing-facility/kaijo-tsuribori-maruya/index.html[22m [2m(+4ms)[22m 
The collection "blog" does not exist or is empty. Please check your content config file for errors.
[2m02:21:33[22m   [34m├─[39m [2m/fishing-facility/ishida-fisherina/index.html[22m [2m(+5ms)[22m 
The collection "blog" does not exist or is empty. Please check your content config file for errors.
[2m02:21:33[22m   [34m├─[39m [2m/fishing-facility/asamushi-sea-fishing-park/index.html[22m [2m(+4ms)[22m 
The collection "blog" does not exist or is empty. Please check your content config file for errors.
[2m02:21:33[22m   [34m├─[39m [2m/fishing-facility/facility-4bd093fd/index.html[22m [2m(+4ms)[22m 
The collection "blog" does not exist or is empty. Please check your content config file for errors.
[2m02:21:33[22m   [34m├─[39m [2m/fishing-facility/original-maker-sea-fishing-park/index.html[22m [2m(+4ms)[22m 
The collection "blog" does not exist or is empty. Please check your content config file for errors.
[2m02:21:33[22m   [34m├─[39m [2m/fishing-facility/futomi-flower-isotsuri-center/index.html[22m [2m(+5ms)[22m 
The collection "blog" does not exist or is empty. Please check your content config file for errors.
[2m02:21:33[22m   [34m├─[39m [2m/fishing-facility/jogashima-js-fishing/index.html[22m [2m(+5ms)[22m 
The collection "blog" does not exist or is empty. Please check your content config file for errors.
[2m02:21:33[22m   [34m├─[39m [2m/fishing-facility/miura-kaiou/index.html[22m [2m(+3ms)[22m 
The collection "blog" does not exist or is empty. Please check your content config file for errors.
[2m02:21:33[22m   [34m├─[39m [2m/fishing-facility/sendai-port-central-park-sea-square/index.html[22m [2m(+5ms)[22m 
The collection "blog" does not exist or is empty. Please check your content config file for errors.
[2m02:21:33[22m   [34m├─[39m [2m/fishing-facility/yura-marine-fishing-pond/index.html[22m [2m(+3ms)[22m 
The collection "blog" does not exist or is empty. Please check your content config file for errors.
[2m02:21:33[22m   [34m├─[39m [2m/fishing-facility/fishing-park-omishima/index.html[22m [2m(+4ms)[22m 
The collection "blog" does not exist or is empty. Please check your content config file for errors.
[2m02:21:33[22m   [34m├─[39m [2m/fishing-facility/searoad-yawatahama/index.html[22m [2m(+4ms)[22m 
The collection "blog" does not exist or is empty. Please check your content config file for errors.
[2m02:21:33[22m   [34m├─[39m [2m/fishing-facility/fukuoka-city-sea-fishing-park/index.html[22m [2m(+10ms)[22m 
The collection "blog" does not exist or is empty. Please check your content config file for errors.
[2m02:21:33[22m   [34m├─[39m [2m/fishing-facility/umingu-oshima/index.html[22m [2m(+5ms)[22m 
The collection "blog" does not exist or is empty. Please check your content config file for errors.
[2m02:21:33[22m   [34m├─[39m [2m/fishing-facility/hiake-kaikyo-fishing-park/index.html[22m [2m(+6ms)[22m 
The collection "blog" does not exist or is empty. Please check your content config file for errors.
[2m02:21:33[22m   [34m├─[39m [2m/fishing-facility/waita-sea-fishing-pier/index.html[22m [2m(+4ms)[22m 
The collection "blog" does not exist or is empty. Please check your content config file for errors.
[2m02:21:33[22m   [34m├─[39m [2m/fishing-facility/shimanami-kaido-fishing-park/index.html[22m [2m(+5ms)[22m 
The collection "blog" does not exist or is empty. Please check your content config file for errors.
[2m02:21:33[22m   [34m├─[39m [2m/fishing-facility/kaijo-tsuribori-tairyomaru/index.html[22m [2m(+7ms)[22m 
The collection "blog" does not exist or is empty. Please check your content config file for errors.
[2m02:21:33[22m   [34m├─[39m [2m/fishing-facility/kaijo-tsuribori-kaiyu/index.html[22m [2m(+5ms)[22m 
The collection "blog" does not exist or is empty. Please check your content config file for errors.
[2m02:21:33[22m   [34m├─[39m [2m/fishing-facility/amagasaki-city-sea-fishing-park/index.html[22m [2m(+6ms)[22m 
The collection "blog" does not exist or is empty. Please check your content config file for errors.
[2m02:21:33[22m   [34m├─[39m [2m/fishing-facility/awaji-janohire-fishing-park/index.html[22m [2m(+4ms)[22m 
The collection "blog" does not exist or is empty. Please check your content config file for errors.
[2m02:21:33[22m   [34m├─[39m [2m/fishing-facility/himeji-city-fishing-center/index.html[22m [2m(+3ms)[22m 
The collection "blog" does not exist or is empty. Please check your content config file for errors.
[2m02:21:33[22m   [34m├─[39m [2m/fishing-facility/kaijo-tsuribori-at-sea/index.html[22m [2m(+3ms)[22m 
The collection "blog" does not exist or is empty. Please check your content config file for errors.
[2m02:21:33[22m   [34m├─[39m [2m/fishing-facility/kobe-hiraiso-sea-fishing-park/index.html[22m [2m(+5ms)[22m 
The collection "blog" does not exist or is empty. Please check your content config file for errors.
[2m02:21:33[22m   [34m├─[39m [2m/fishing-facility/sea-fishing-pond-kaikei/index.html[22m [2m(+7ms)[22m 
The collection "blog" does not exist or is empty. Please check your content config file for errors.
[2m02:21:33[22m   [34m├─[39m [2m/fishing-facility/suihou-fishing-pond/index.html[22m [2m(+5ms)[22m 
The collection "blog" does not exist or is empty. Please check your content config file for errors.
[2m02:21:33[22m   [34m├─[39m [2m/fishing-facility/suma-sea-fishing-park/index.html[22m [2m(+6ms)[22m 
The collection "blog" does not exist or is empty. Please check your content config file for errors.
[2m02:21:33[22m   [34m├─[39m [2m/fishing-facility/naoshima-fishing-park/index.html[22m [2m(+4ms)[22m 
The collection "blog" does not exist or is empty. Please check your content config file for errors.
[2m02:21:33[22m   [34m├─[39m [2m/fishing-facility/saltlake-hiketa-adoike/index.html[22m [2m(+4ms)[22m 
The collection "blog" does not exist or is empty. Please check your content config file for errors.
[2m02:21:33[22m   [34m├─[39m [2m/fishing-facility/shodoshima-furusatomura-fishing-pier/index.html[22m [2m(+4ms)[22m 
The collection "blog" does not exist or is empty. Please check your content config file for errors.
[2m02:21:33[22m   [34m├─[39m [2m/fishing-facility/kamoike-sea-fishing-park/index.html[22m [2m(+6ms)[22m 
The collection "blog" does not exist or is empty. Please check your content config file for errors.
[2m02:21:33[22m   [34m├─[39m [2m/fishing-facility/amami-sealand/index.html[22m [2m(+5ms)[22m 
The collection "blog" does not exist or is empty. Please check your content config file for errors.
[2m02:21:33[22m   [34m├─[39m [2m/fishing-facility/amakusa-leisure-land/index.html[22m [2m(+4ms)[22m 
The collection "blog" does not exist or is empty. Please check your content config file for errors.
[2m02:21:33[22m   [34m├─[39m [2m/fishing-facility/amakusa-rakutsuri/index.html[22m [2m(+5ms)[22m 
The collection "blog" does not exist or is empty. Please check your content config file for errors.
[2m02:21:33[22m   [34m├─[39m [2m/fishing-facility/kaijo-tsuribori-tsuriichi/index.html[22m [2m(+5ms)[22m 
The collection "blog" does not exist or is empty. Please check your content config file for errors.
[2m02:21:33[22m   [34m├─[39m [2m/fishing-facility/sakurajima-sea-fishing-park/index.html[22m [2m(+3ms)[22m 
The collection "blog" does not exist or is empty. Please check your content config file for errors.
[2m02:21:33[22m   [34m├─[39m [2m/fishing-facility/yunoko-fishing-park/index.html[22m [2m(+3ms)[22m 
The collection "blog" does not exist or is empty. Please check your content config file for errors.
[2m02:21:33[22m   [34m├─[39m [2m/fishing-facility/sea-fishing-land/index.html[22m [2m(+4ms)[22m 
The collection "blog" does not exist or is empty. Please check your content config file for errors.
[2m02:21:33[22m   [34m├─[39m [2m/fishing-facility/maizuru-shinkai-park/index.html[22m [2m(+3ms)[22m 
The collection "blog" does not exist or is empty. Please check your content config file for errors.
[2m02:21:33[22m   [34m├─[39m [2m/fishing-facility/miyazu-city-marine-fishing-park/index.html[22m [2m(+3ms)[22m 
The collection "blog" does not exist or is empty. Please check your content config file for errors.
[2m02:21:33[22m   [34m├─[39m [2m/fishing-facility/anatani-aitai-fishing/index.html[22m [2m(+3ms)[22m 
The collection "blog" does not exist or is empty. Please check your content config file for errors.
[2m02:21:33[22m   [34m├─[39m [2m/fishing-facility/fishing-park-sasukeya/index.html[22m [2m(+4ms)[22m 
The collection "blog" does not exist or is empty. Please check your content config file for errors.
[2m02:21:33[22m   [34m├─[39m [2m/fishing-facility/fishing-park-triton/index.html[22m [2m(+6ms)[22m 
The collection "blog" does not exist or is empty. Please check your content config file for errors.
[2m02:21:33[22m   [34m├─[39m [2m/fishing-facility/hasamaura-fishing-center/index.html[22m [2m(+5ms)[22m 
The collection "blog" does not exist or is empty. Please check your content config file for errors.
[2m02:21:33[22m   [34m├─[39m [2m/fishing-facility/kaijo-tsuribori-fukujumaru/index.html[22m [2m(+4ms)[22m 
The collection "blog" does not exist or is empty. Please check your content config file for errors.
[2m02:21:33[22m   [34m├─[39m [2m/fishing-facility/kaijo-tsuribori-monkey/index.html[22m [2m(+5ms)[22m 
The collection "blog" does not exist or is empty. Please check your content config file for errors.
[2m02:21:33[22m   [34m├─[39m [2m/fishing-facility/kashikojima-fishing-park-kaiyuen/index.html[22m [2m(+3ms)[22m 
The collection "blog" does not exist or is empty. Please check your content config file for errors.
[2m02:21:33[22m   [34m├─[39m [2m/fishing-facility/kaijo-tsuribori-benya/index.html[22m [2m(+4ms)[22m 
The collection "blog" does not exist or is empty. Please check your content config file for errors.
[2m02:21:33[22m   [34m├─[39m [2m/fishing-facility/kaijo-tsuribori-wako/index.html[22m [2m(+4ms)[22m 
The collection "blog" does not exist or is empty. Please check your content config file for errors.
[2m02:21:33[22m   [34m├─[39m [2m/fishing-facility/koueimaru/index.html[22m [2m(+4ms)[22m 
The collection "blog" does not exist or is empty. Please check your content config file for errors.
[2m02:21:33[22m   [34m├─[39m [2m/fishing-facility/marusui-kaisan/index.html[22m [2m(+4ms)[22m 
The collection "blog" does not exist or is empty. Please check your content config file for errors.
[2m02:21:33[22m   [34m├─[39m [2m/fishing-facility/naize-fishing-center/index.html[22m [2m(+10ms)[22m 
The collection "blog" does not exist or is empty. Please check your content config file for errors.
[2m02:21:33[22m   [34m├─[39m [2m/fishing-facility/ousatsu-sea-fishing-center/index.html[22m [2m(+4ms)[22m 
The collection "blog" does not exist or is empty. Please check your content config file for errors.
[2m02:21:33[22m   [34m├─[39m [2m/fishing-facility/matsunase-fishing-park/index.html[22m [2m(+6ms)[22m 
The collection "blog" does not exist or is empty. Please check your content config file for errors.
[2m02:21:33[22m   [34m├─[39m [2m/fishing-facility/tsuribori-maruyo/index.html[22m [2m(+12ms)[22m 
The collection "blog" does not exist or is empty. Please check your content config file for errors.
[2m02:21:33[22m   [34m├─[39m [2m/fishing-facility/tsuribori-shotokumaru/index.html[22m [2m(+7ms)[22m 
The collection "blog" does not exist or is empty. Please check your content config file for errors.
[2m02:21:33[22m   [34m├─[39m [2m/fishing-facility/kamae-sea-fishing-tsunchaoh/index.html[22m [2m(+4ms)[22m 
The collection "blog" does not exist or is empty. Please check your content config file for errors.
[2m02:21:33[22m   [34m├─[39m [2m/fishing-facility/ugata-hamatsuri-center/index.html[22m [2m(+5ms)[22m 
The collection "blog" does not exist or is empty. Please check your content config file for errors.
[2m02:21:33[22m   [34m├─[39m [2m/fishing-facility/tsuribori-denpachiya/index.html[22m [2m(+4ms)[22m 
The collection "blog" does not exist or is empty. Please check your content config file for errors.
[2m02:21:33[22m   [34m├─[39m [2m/fishing-facility/shibushi-bay-daikoku-dolphin-land/index.html[22m [2m(+5ms)[22m 
The collection "blog" does not exist or is empty. Please check your content config file for errors.
[2m02:21:33[22m   [34m├─[39m [2m/fishing-facility/jumbo-fishing-mura/index.html[22m [2m(+4ms)[22m 
The collection "blog" does not exist or is empty. Please check your content config file for errors.
[2m02:21:33[22m   [34m├─[39m [2m/fishing-facility/shinkamigoto-sea-fishing-pond/index.html[22m [2m(+6ms)[22m 
The collection "blog" does not exist or is empty. Please check your content config file for errors.
[2m02:21:33[22m   [34m├─[39m [2m/fishing-facility/mukai-pearl-marine/index.html[22m [2m(+4ms)[22m 
The collection "blog" does not exist or is empty. Please check your content config file for errors.
[2m02:21:33[22m   [34m├─[39m [2m/fishing-facility/tsuribori-hamakatsu/index.html[22m [2m(+5ms)[22m 
The collection "blog" does not exist or is empty. Please check your content config file for errors.
[2m02:21:33[22m   [34m├─[39m [2m/fishing-facility/takashima-tobishima-isotsuri-park/index.html[22m [2m(+5ms)[22m 
The collection "blog" does not exist or is empty. Please check your content config file for errors.
[2m02:21:33[22m   [34m├─[39m [2m/fishing-facility/itoman-ikada-tsurigu-no-zousan/index.html[22m [2m(+5ms)[22m 
The collection "blog" does not exist or is empty. Please check your content config file for errors.
[2m02:21:33[22m   [34m├─[39m [2m/fishing-facility/kaijo-tsuribori-misaki/index.html[22m [2m(+4ms)[22m 
The collection "blog" does not exist or is empty. Please check your content config file for errors.
[2m02:21:33[22m   [34m├─[39m [2m/fishing-facility/motobu-fishing-ikada-umiseikatsu/index.html[22m [2m(+5ms)[22m 
The collection "blog" does not exist or is empty. Please check your content config file for errors.
[2m02:21:33[22m   [34m├─[39m [2m/fishing-facility/kaijo-tsuribori-opa/index.html[22m [2m(+4ms)[22m 
The collection "blog" does not exist or is empty. Please check your content config file for errors.
[2m02:21:33[22m   [34m├─[39m [2m/fishing-facility/koshima-sea-fishing-pond/index.html[22m [2m(+4ms)[22m 
The collection "blog" does not exist or is empty. Please check your content config file for errors.
[2m02:21:33[22m   [34m├─[39m [2m/fishing-facility/nanko-fishing-park/index.html[22m [2m(+3ms)[22m 
The collection "blog" does not exist or is empty. Please check your content config file for errors.
[2m02:21:33[22m   [34m├─[39m [2m/fishing-facility/osaka-sea-fishing-southern/index.html[22m [2m(+6ms)[22m 
The collection "blog" does not exist or is empty. Please check your content config file for errors.
[2m02:21:33[22m   [34m├─[39m [2m/fishing-facility/totto-park-koshima/index.html[22m [2m(+4ms)[22m 
The collection "blog" does not exist or is empty. Please check your content config file for errors.
[2m02:21:33[22m   [34m├─[39m [2m/fishing-facility/kariyawan-fishing-center/index.html[22m [2m(+4ms)[22m 
The collection "blog" does not exist or is empty. Please check your content config file for errors.
[2m02:21:33[22m   [34m├─[39m [2m/fishing-facility/umizuri-port-tajiri/index.html[22m [2m(+3ms)[22m 
The collection "blog" does not exist or is empty. Please check your content config file for errors.
[2m02:21:33[22m   [34m├─[39m [2m/fishing-facility/family-tsuribori-tsutteminde/index.html[22m [2m(+4ms)[22m 
The collection "blog" does not exist or is empty. Please check your content config file for errors.
[2m02:21:33[22m   [34m├─[39m [2m/fishing-facility/hamabe-tosen-kaijo-tsuribori/index.html[22m [2m(+4ms)[22m 
The collection "blog" does not exist or is empty. Please check your content config file for errors.
[2m02:21:33[22m   [34m├─[39m [2m/fishing-facility/kaijo-tsuribori-yuasa/index.html[22m [2m(+12ms)[22m 
The collection "blog" does not exist or is empty. Please check your content config file for errors.
[2m02:21:33[22m   [34m├─[39m [2m/fishing-facility/kakata-fishing-pond/index.html[22m [2m(+4ms)[22m 
The collection "blog" does not exist or is empty. Please check your content config file for errors.
[2m02:21:33[22m   [34m├─[39m [2m/fishing-facility/saikakizaki-seapark/index.html[22m [2m(+6ms)[22m 
The collection "blog" does not exist or is empty. Please check your content config file for errors.
[2m02:21:33[22m   [34m├─[39m [2m/fishing-facility/tsuribori-kishu/index.html[22m [2m(+3ms)[22m 
The collection "blog" does not exist or is empty. Please check your content config file for errors.
[2m02:21:33[22m   [34m├─[39m [2m/fishing-facility/wakayama-marinacity-fishing-park/index.html[22m [2m(+4ms)[22m 
The collection "blog" does not exist or is empty. Please check your content config file for errors.
[2m02:21:33[22m   [34m├─[39m [2m/fishing-facility/fishing-park-hikari/index.html[22m [2m(+4ms)[22m 
The collection "blog" does not exist or is empty. Please check your content config file for errors.
[2m02:21:33[22m   [34m├─[39m [2m/fishing-facility/shimonoseki-fishing-park/index.html[22m [2m(+4ms)[22m 
The collection "blog" does not exist or is empty. Please check your content config file for errors.
[2m02:21:33[22m   [34m├─[39m [2m/fishing-facility/yura-sea-fishing-park/index.html[22m [2m(+3ms)[22m 
The collection "blog" does not exist or is empty. Please check your content config file for errors.
[2m02:21:33[22m   [34m├─[39m [2m/fishing-facility/susawan-fishing-park/index.html[22m [2m(+4ms)[22m 
The collection "blog" does not exist or is empty. Please check your content config file for errors.
[2m02:21:33[22m   [34m├─[39m [2m/fishing-facility/tomakomai-port-sea-fishing-facility/index.html[22m [2m(+5ms)[22m 
The collection "blog" does not exist or is empty. Please check your content config file for errors.
[2m02:21:33[22m   [34m├─[39m [2m/fishing-facility/raft-fishing-takahashi/index.html[22m [2m(+4ms)[22m 
The collection "blog" does not exist or is empty. Please check your content config file for errors.
[2m02:21:33[22m   [34m├─[39m [2m/fishing-facility/kaijo-tsuribori-yukimaru/index.html[22m [2m(+4ms)[22m 
The collection "blog" does not exist or is empty. Please check your content config file for errors.
[2m02:21:33[22m   [34m└─[39m [2m/fishing-facility/tsuri-ikada-fukaura/index.html[22m [2m(+4ms)[22m 
[2m02:21:33[22m [32m▶[39m src/pages/tactics/[...slug].astro
The collection "blog" does not exist or is empty. Please check your content config file for errors.
WARNING(astro-seo): You passed the same value to `title` and `openGraph.optional.title`. This is most likely not what you want. See docs for more.
[2m02:21:33[22m   [34m├─[39m [2m/tactics/beginner/index.html[22m [2m(+6ms)[22m 
The collection "blog" does not exist or is empty. Please check your content config file for errors.
WARNING(astro-seo): You passed the same value to `title` and `openGraph.optional.title`. This is most likely not what you want. See docs for more.
[2m02:21:33[22m   [34m└─[39m [2m/tactics/fish-strategy/index.html[22m [2m(+4ms)[22m 
[2m02:21:33[22m [32m▶[39m src/pages/tags/[tag]/[...page].astro
The collection "blog" does not exist or is empty. Please check your content config file for errors.
[2m02:21:33[22m [32m▶[39m src/pages/[region]/[slug].astro
The collection "east-japan" does not exist or is empty. Please check your content config file for errors.
The collection "center-japan" does not exist or is empty. Please check your content config file for errors.
The collection "west-japan" does not exist or is empty. Please check your content config file for errors.
[2m02:21:33[22m [32m▶[39m src/pages/[...slug].astro
[2m02:21:33[22m   [34m├─[39m [2m/about/index.html[22m [2m(+33ms)[22m 
[2m02:21:33[22m   [34m├─[39m [2m/contact/index.html[22m [2m(+12ms)[22m 
[2m02:21:33[22m   [34m├─[39m [2m/features/index.html[22m [2m(+16ms)[22m 
[2m02:21:33[22m   [34m├─[39m [2m/index.html[22m [2m(+10ms)[22m 
[2m02:21:33[22m   [34m├─[39m [2m/pricing/index.html[22m [2m(+20ms)[22m 
[2m02:21:33[22m   [34m├─[39m [2m/login/index.html[22m [2m(+5ms)[22m 
[2m02:21:33[22m   [34m└─[39m [2m/signup/index.html[22m [2m(+4ms)[22m 
[2m02:21:33[22m [32m✓ Completed in 1.02s.
[39m
[42m[30m generating optimized images [39m[49m
[2m02:21:33[22m   [32m▶[39m /_astro/error.BPKMPWMK_t2tGx.webp [2m(before: 57kB, after: 24kB)[22m [2m(+183ms)[22m [2m(1/1)[22m
[2m02:21:33[22m [32m✓ Completed in 184ms.
[39m
[2m02:21:33[22m [34m[build][39m 128 page(s) built in [1m6.24s[22m
[2m02:21:33[22m [34m[build][39m [1mComplete![22m
